• RT @iamfilmofficial: Box Office: ‘Moana’ Swims Past ‘Fantastic Beasts’ to Win Black Friday https://t.co/IT8Rsd33RL via @variety

• Listen To a Very Hamilton-y ‘outtake’ from Moana

We... https://t.co/aPSYNrwyuM https://t.co/ulvleFcaIo

• RT @ashlynmaynard_: obsessed with moana

• Disney's 'Moana' Tops Black Friday Box Office, Brad Pitt's 'Allied' Continues… https://t.co/t2PbGiq9qv #DSNBusiness


• RT @idesofmerch: Disney's had a great year. Zootopia is wonderful, Moana is great, Lightning McQueen dies in the trailer for Cars 3...

• Learn how the Ocean became a character in #Moana #MoanaEvent  https://t.co/kL9qaHoCUI

• Box Workplace: 'Moana' Surfs to $21.8M Fri.; Warren Beatty's 'Guidelines Don't Apply' Sinks https://t.co/IjXcH7qIgj https://t.co/Vd6wYVhJjx

• RT @Lin_Manuel: Been overwhelmed by all the #Moana love all weekend...you guys are the best. https://t.co/p5VRLC4GIL

• RT @laurengcornbeef: doesnt take MOANA to make us islanders grateful for our culture but its incredible to see others fantasize &amp; praise ou…

• Box Office: ‘Moana’ Swims Past ‘Fantastic Beasts’ to Win Black Friday #Thanksgiving https://t.co/jiwLViruP0 https://t.co/ANZQNwo5UW

• RT @TheRock: Excited to bring this to you and your families tomorrow in time for our Thanksgiving holiday. Sumthin' cool &amp; special. Enjoy..…


• We'll see it soon though - Can't wait! @Lin_Manuel #Moana

• RT @SamoaMufasa: Just remember we always had Mahana before we had Moana https://t.co/andCCQXLhm

• yo r u seeing moana or rogue one first? — idk i'll probably wait till theyre online or someth... https://t.co/n14ur3fmst



• RT @auliicravalho: Happy Thanksgiving everyone! #SoThankful #Family #Moana https://t.co/zQjkjR56xV

• RT @SweetNSourDeals: Upcoming Travel Log: Moana in Dolby Cinema at AMC Experience #Moana #disneyside #ad #disney #shareAMC #DolbyCinema htt…

• Box Office: 'Moana' Surfs to $21.8M Friday; Warren Beatty's 'Rules Don't Apply' Sinks https://t.co/GSKvSFJGaF


• Box Office: 'Moana' Surfs to $21.8M Friday; Warren Beatty's 'Rules Don't Apply' Sinks https://t.co/WutI2Ihms4

• I liked a @YouTube video from @disneystudiosph https://t.co/zn1TmWtuXv Disney's Moana - "How Far I'll Go" music video - Janella

• Box Office: 'Moana' Surfs to $21.8M Friday; Warren Beatty's 'Rules Don't Apply' Sinks https://t.co/iyRIZoIATm

• Disney’s ‘Moana’ Surpasses ‘Frozen’ en Pre-Thanksgiving Box Office!... https://t.co/YPaXBI7LdA

• RT @FreshBaon: Moana is way better than Frozen. #Moana https://t.co/Pr2fuwwAOh

• RT @VeryVeronicaaa: I JUST SAW MOANA AND IM NOT GOING TO RUIN IT BUT IN THE BEGINNING SHE SAVES A TURTLE &amp; SHES AN ISLANDER AND DITZY BUT N…


• RT @BuzzFeed: Which “Moana” Character Are You?
https://t.co/AFnZ3cTvym

• @mjnyoongs THANKU im seeing moana:D

• RT @vakeaemanu: I WILL CARRY YOU HERE IN MY HEART YOU REMIND ME
THAT COME WHAT MAY
I KNOW THE WAY
I AM #MOANA https://t.co/xVoMFaFYpc

• i really enjoyed moana... the animation + characters + story beats + music are p solid, super fun + cute too :&gt;


• Nice piece by @gwynnesanity. I do adore this plucky heroine and her search for her calling and her love of the sea. https://t.co/Mmn7XanZUD


• Between July and today the Kips Bay AMC got fully reclining seats! About to watch MOANA in style.

• RT @Hypable: Listen to 'Moana' songs 'We Know the Way,' 'How Far I'll Go,' more (And lyrics!) https://t.co/pnRZreA4OE

• Inlaws took my kids&amp;I to see Trolls yday &amp; I cldnt help but look longingly toward the Moana thtr as @Lin_Manuel 's voice floated out #Moana

• How Far I'll Go from Moana is the best song ever made

• RT @nytimesarts: “Moana” is a step toward diversifying the world of animated princesses https://t.co/IDviogJxZa https://t.co/bFcK7XP1E7

• me &amp; @kaitlinmiltier_ may be obsessed with How Far I'll Go from Moana

• Moana review: after 80 years of experiments, Disney has made the perfect Disney movie - The… https://t.co/j4Rd2UYyHa

• RT @lifewithheidig: Everyone will fall in love with Moana #Moana #MoanaEvent https://t.co/NFsSbOSUxV via @NYCSingleMom

• I added a video to a @YouTube playlist https://t.co/TG3Siu6BZ5 "Meet The Kakamora" Clip - Disney's Moana

• RT @Thiago_Passos: Life imitating art... #Moana
@NicoleScherzy &amp; @auliicravalho https://t.co/LRGp8o0Y6P

• RT @dinahjane97: I'm taking Regina to watch Moana tonight !!!! I'm so excited for her

• Box Office: ‘Moana’ Swims Past ‘Fantastic Beasts’ to Win Black Friday #Thanksgiving https://t.co/CUAAgoqQG0 https://t.co/R1NPFDpmU9

• RT @achylandia: 34 Magical "Moana" Facts You Probably Don't Know - BuzzFeed News https://t.co/mHgxC1mUpc


• RT @SamoaMufasa: Just remember we always had Mahana before we had Moana https://t.co/andCCQXLhm

• omg i love the song moana was singing

• I liked a @YouTube video https://t.co/TG3SiuodnF "Meet The Kakamora" Clip - Disney's Moana


• I'll probably go see Fantastic Beasts today or Moana (like the small child that I am)

• RT @djolder: A brown girl centered story and the world has shown up to watch in record crushing numbers. #Moana

• Manchester By The Sea, Moana, and The Handmaiden. What a great weekend for movies.

• If I make it home in one piece I have to choose between staying in &amp; watching Strictly or going out &amp; watching Moana. What to do?!

• RT @sm0keplanet: uhgh i couldnt resist.. my attempt at #moana https://t.co/oFwjBl28NA

• RT @bbyrevs: yesterday watching my sister watch Moana https://t.co/EsYLGFMbes




• Check out this movie on Moviefone: https://t.co/U67m3eAgSE
Get the Moviefone app! https://t.co/2qPhELdFFV https://t.co/maNdM8zzia

• I just want to listen to the Moana soundtrack but this bus is making it hard!

• RT @Collider: Disney looks to win the Thanksgiving holiday once again w/ 'Moana', but 'Fantastic Beasts' is holding strong. https://t.co/As…

• Disney's #Moana' Tops Black Friday #BoxOffice, Brad Pitt's 'Allied' Continues To Underperform via @forbes https://t.co/V8uKXg2pWh



• RT @EllaHuestis: When everyone has seen Moana but you @Lin_Manuel https://t.co/Kk74aHChmx

• me: listens to the moana soundtrack while i go for a morning jog

• I love the Moana soundtrack.

• RT @AlyssaaMacias: The Moana soundtrack has become my life soundtrack I love it so much

• I watch #Moana last night and tbh it's was really good. I laughed my ass off

• RT @Lin_Manuel: Whoa, there's FOOTAGE of me finding out my voice is in #Moana! https://t.co/nYBsrEby3j

• RT @lifewithheidig: Everyone will fall in love with Moana #Moana #MoanaEvent https://t.co/NFsSbOSUxV via @NYCSingleMom

• RT @ELNELLA_Global: Disney's Moana Philippine premier with our Inday @superjanella singing the movie theme song LIVE. Way to go, Inday! htt…

• RT @SIIINS: saw #Moana today and loved it so much!!! https://t.co/6fkDphEa3n


• Disney's Moana "How Far I'll Go" - Maneepat Myra Molloy https://t.co/RHxnpW9eDv via @YouTube

• Pocahontas, Mulan, Tiana and now Moana. So important for little girls &amp; grown women to see girls that look like them being their own heroes



• RT @SIIINS: saw #Moana today and loved it so much!!! https://t.co/6fkDphEa3n

• 9am moana showing bc all the times are sold out


• RT @mirrander_: MOANA IS FUCKING BEAUTIFUL. I COULD NOT STOP SMILING


• 'Moana' was Lin-Manuel Miranda's 'Hamilton' break, says Tony Award-winning composer https://t.co/y8IaFnonJU

• Moana has the best soundtrack of any movie

• Friend asked if I wanted to go see Moana, or Fantastic Beasts? My response? https://t.co/x0qVzTpUCN

• RT @lifewithheidig: Everyone will fall in love with Moana #Moana #MoanaEvent https://t.co/NFsSbOSUxV via @NYCSingleMom

• RT @lifewithheidig: Everyone will fall in love with Moana #Moana #MoanaEvent https://t.co/NFsSbOSUxV via @NYCSingleMom

• My fav track from Moana
Lin-Manuel Miranda, Opetaia Foa'i - We Know The Way (From "Moana"/Audio ... https://t.co/N7CTJyIxuK

• Ok #moana, let's get @Lin_Manuel that Oscar! #EGOT



• RT @tmorello: I highly recommend Arrival and Moana for your holiday multiplex viewing

• The obvious double bill tonight of Moana and Bad Santa (2)
Curse a sequel's numerics ruining rhyme.

• Disney looks to win the Thanksgiving holiday once again w/ 'Moana', but 'Fantastic Beasts' is holding strong. https://t.co/AsUMHAQxw4

